<?xml version="1.0" encoding="UTF-8"?>
<!-- Generated by org.testng.reporters.JUnitXMLReporter -->
<testsuite ignored="0" hostname="LAPTOP-L53CQVK8" failures="0" tests="3" name="Default test" time="49.365" errors="0" timestamp="2023-12-30T20:39:19 IST">
  <testcase classname="TestCases.AddAddress" name="addAddress" time="13.902"/>
  <testcase classname="TestCases.EditAddress" name="editAdress" time="18.061"/>
  <testcase classname="TestCases.DeleteAddress" name="setUp" time="17.296"/>
</testsuite> <!-- Default test -->
